Arguments: 
  C:\Program Files\nodejs\node.exe C:\Users\adm\AppData\Roaming\npm\node_modules\yarn\bin\yarn.js add express cors multer uuid path

PATH: 
  C:\Server\modules\php\;C:\Windows\system32;C:\Windows;C:\Windows\System32\Wbem;C:\Windows\System32\WindowsPowerShell\v1.0\;C:\Windows\System32\OpenSSH\;C:\Program Files\nodejs\;C:\ProgramData\ComposerSetup\bin;C:\Program Files (x86)\dotnet\;C:\Program Files\Git\cmd;C:\Users\adm\AppData\Local\Microsoft\WindowsApps;C:\Users\adm\AppData\Roaming\npm;C:\Users\adm\AppData\Roaming\Composer\vendor\bin

Yarn version: 
  1.22.19

Node version: 
  18.0.0

Platform: 
  win32 x64

Trace: 
  Error: connect ECONNABORTED 2606:4700::6810:1b23:443
      at TCPConnectWrap.afterConnect [as oncomplete] (node:net:1195:16)

npm manifest: 
  {
    "name": "api",
    "version": "1.0.0",
    "main": "index.js",
    "license": "MIT"
  }

yarn manifest: 
  No manifest

Lockfile: 
  No lockfile
